<?xml version="1.0" encoding="UTF-8"?>
<!-- Generated by org.testng.reporters.JUnitXMLReporter -->
<testsuite ignored="10" hostname="DESKTOP-5HBRUB1" failures="0" tests="2" name="Test" time="0.075" errors="0" timestamp="2021-04-01T02:57:13 IST">
  <testcase classname="Grouping_Tc.Grouping_TestCase" name="method1" time="0.013"/>
  <testcase classname="Grouping_Tc.Grouping_TestCase" name="method2" time="0.003"/>
  <testcase classname="Grouping_Tc.Grouping_TestCase2" name="Orders" time="0.0">
    <ignored/>
  </testcase> <!-- Orders -->
  <testcase classname="Grouping_Tc.Grouping_TestCase2" name="intradayBuy" time="0.0">
    <ignored/>
  </testcase> <!-- intradayBuy -->
  <testcase classname="Grouping_Tc.Grouping_TestCase" name="method5" time="0.0">
    <ignored/>
  </testcase> <!-- method5 -->
  <testcase classname="Grouping_Tc.Grouping_TestCase2" name="IntradayFirstSell" time="0.0">
    <ignored/>
  </testcase> <!-- IntradayFirstSell -->
  <testcase classname="Grouping_Tc.Grouping_TestCase2" name="intradaySell" time="0.0">
    <ignored/>
  </testcase> <!-- intradaySell -->
  <testcase classname="Grouping_Tc.Grouping_TestCase2" name="positions" time="0.0">
    <ignored/>
  </testcase> <!-- positions -->
  <testcase classname="Grouping_Tc.Grouping_TestCase" name="method4" time="0.0">
    <ignored/>
  </testcase> <!-- method4 -->
  <testcase classname="Grouping_Tc.Grouping_TestCase2" name="IntradayFirstBuy" time="0.0">
    <ignored/>
  </testcase> <!-- IntradayFirstBuy -->
  <testcase classname="Grouping_Tc.Grouping_TestCase2" name="Dashboard" time="0.0">
    <ignored/>
  </testcase> <!-- Dashboard -->
  <testcase classname="Grouping_Tc.Grouping_TestCase" name="method3" time="0.0">
    <ignored/>
  </testcase> <!-- method3 -->
</testsuite> <!-- Test -->
