<?xml version="1.0" encoding="UTF-8"?>
<!-- Generated by org.testng.reporters.JUnitXMLReporter -->
<testsuite ignored="3" hostname="DESKTOP-5HBRUB1" failures="0" tests="2" name="Default test(failed)(failed)" time="0.085" errors="0" timestamp="2021-03-31T19:06:48 IST">
  <testcase classname="ToRun_FailTestCases.RunOnlyFailTestCases" name="sample3" time="0.015"/>
  <testcase classname="ToRun_FailTestCases.RunOnlyFailTestCases" name="sample4" time="0.003"/>
  <testcase classname="ToRun_FailTestCases.RunOnlyFailTestCases" name="sample1" time="0.0">
    <ignored/>
  </testcase> <!-- sample1 -->
  <testcase classname="ToRun_FailTestCases.RunOnlyFailTestCases" name="sample5" time="0.0">
    <ignored/>
  </testcase> <!-- sample5 -->
  <testcase classname="ToRun_FailTestCases.RunOnlyFailTestCases" name="sample2" time="0.0">
    <ignored/>
  </testcase> <!-- sample2 -->
</testsuite> <!-- Default test(failed)(failed) -->
