<?xml version="1.0" encoding="UTF-8"?>
<!-- Generated by org.testng.reporters.JUnitXMLReporter -->
<testsuite ignored="5" hostname="DESKTOP-5HBRUB1" failures="0" tests="5" name="Test(failed)" time="0.121" errors="0" timestamp="2021-03-31T20:40:02 IST">
  <testcase classname="ToRun_FailTestCases.RunOnlyFailTestCases2" name="sample31" time="0.017"/>
  <testcase classname="ToRun_FailTestCases.RunOnlyFailTestCases2" name="sample33" time="0.004"/>
  <testcase classname="ToRun_FailTestCases.ToRun_FailTestCases3" name="sample24" time="0.005"/>
  <testcase classname="ToRun_FailTestCases.ToRun_FailTestCases3" name="sample22" time="0.007"/>
  <testcase classname="ToRun_FailTestCases.ToRun_FailTestCases3" name="sample23" time="0.002"/>
  <testcase classname="ToRun_FailTestCases.ToRun_FailTestCases3" name="sample20" time="0.0">
    <ignored/>
  </testcase> <!-- sample20 -->
  <testcase classname="ToRun_FailTestCases.RunOnlyFailTestCases2" name="sample44" time="0.0">
    <ignored/>
  </testcase> <!-- sample44 -->
  <testcase classname="ToRun_FailTestCases.RunOnlyFailTestCases2" name="sample55" time="0.0">
    <ignored/>
  </testcase> <!-- sample55 -->
  <testcase classname="ToRun_FailTestCases.ToRun_FailTestCases3" name="sample21" time="0.0">
    <ignored/>
  </testcase> <!-- sample21 -->
  <testcase classname="ToRun_FailTestCases.RunOnlyFailTestCases2" name="sample32" time="0.0">
    <ignored/>
  </testcase> <!-- sample32 -->
</testsuite> <!-- Test(failed) -->
